<?xml version="1.0" encoding="UTF-8"?>
<!-- Generated by org.testng.reporters.JUnitReportReporter -->
<testsuite name="com.qa.testcases.TestSaveasDraftSelfSingleCreateAccessRequestforApplication$TestSelfSingleCreateAccessRequestforApplication" tests="7" time="0.010" ignored="0" failures="0" timestamp="31 Aug 2020 09:47:34 GMT" skipped="6" hostname="DESKTOP-AKV4U58" errors="1">
  <testcase name="enterrequestInfo" time="0.002" classname="com.qa.testcases.TestSaveasDraftSelfSingleCreateAccessRequestforApplication$TestSelfSingleCreateAccessRequestforApplication">
    <skipped/>
  </testcase> <!-- enterrequestInfo -->
  <testcase name="checkvalidUser" time="0.004" classname="com.qa.testcases.TestSaveasDraftSelfSingleCreateAccessRequestforApplication$TestSelfSingleCreateAccessRequestforApplication">
    <skipped/>
  </testcase> <!-- checkvalidUser -->
  <testcase name="enterApplicationDetails" time="0.000" classname="com.qa.testcases.TestSaveasDraftSelfSingleCreateAccessRequestforApplication$TestSelfSingleCreateAccessRequestforApplication">
    <skipped/>
  </testcase> <!-- enterApplicationDetails -->
  <testcase name="submitteddraftRequest" time="0.004" classname="com.qa.testcases.TestSaveasDraftSelfSingleCreateAccessRequestforApplication$TestSelfSingleCreateAccessRequestforApplication">
    <skipped/>
  </testcase> <!-- submitteddraftRequest -->
  <testcase name="draftRequestCreated" time="0.000" classname="com.qa.testcases.TestSaveasDraftSelfSingleCreateAccessRequestforApplication$TestSelfSingleCreateAccessRequestforApplication">
    <skipped/>
  </testcase> <!-- draftRequestCreated -->
  <testcase name="submitDraftRequest" time="0.000" classname="com.qa.testcases.TestSaveasDraftSelfSingleCreateAccessRequestforApplication$TestSelfSingleCreateAccessRequestforApplication">
    <skipped/>
  </testcase> <!-- submitDraftRequest -->
  <testcase name="setup" time="0.000" classname="com.qa.testcases.TestSaveasDraftSelfSingleCreateAccessRequestforApplication$TestSelfSingleCreateAccessRequestforApplication">
    <error type="org.openqa.selenium.TimeoutException" message="timeout
  (Session info: chrome=85.0.4183.83)
  (Driver info: chromedriver=2.42.591088 (7b2b2dca23cca0862f674758c9a3933e685c27d5),platform=Windows NT 10.0.18362 x86_64) (WARNING: The server did not provide any stacktrace information)
Command duration or timeout: 0 milliseconds
Build info: version: &#039;unknown&#039;, revision: &#039;unknown&#039;, time: &#039;unknown&#039;
System info: host: &#039;DESKTOP-AKV4U58&#039;, ip: &#039;192.168.0.5&#039;, os.name: &#039;Windows 10&#039;, os.arch: &#039;amd64&#039;, os.version: &#039;10.0&#039;, java.version: &#039;1.8.0_251&#039;
Driver info: org.openqa.selenium.chrome.ChromeDriver
Capabilities [{mobileEmulationEnabled=false, hasTouchScreen=false, platform=XP, acceptSslCerts=false, goog:chromeOptions={debuggerAddress=localhost:60560}, acceptInsecureCerts=false, webStorageEnabled=true, browserName=chrome, takesScreenshot=true, javascriptEnabled=true, setWindowRect=true, unexpectedAlertBehaviour=, applicationCacheEnabled=false, rotatable=false, networkConnectionEnabled=false, chrome={chromedriverVersion=2.42.591088 (7b2b2dca23cca0862f674758c9a3933e685c27d5), userDataDir=C:\Users\Shashank\AppData\Local\Temp\scoped_dir22056_5945}, takesHeapSnapshot=true, pageLoadStrategy=normal, unhandledPromptBehavior=, databaseEnabled=false, handlesAlerts=true, version=85.0.4183.83, browserConnectionEnabled=false, nativeEvents=true, locationContextEnabled=true, cssSelectorsEnabled=true}]
Session ID: c98a06e26001f86ce97818c94d2be139">
      <![CDATA[org.openqa.selenium.TimeoutException: timeout
  (Session info: chrome=85.0.4183.83)
  (Driver info: chromedriver=2.42.591088 (7b2b2dca23cca0862f674758c9a3933e685c27d5),platform=Windows NT 10.0.18362 x86_64) (WARNING: The server did not provide any stacktrace information)
Command duration or timeout: 0 milliseconds
Build info: version: 'unknown', revision: 'unknown', time: 'unknown'
System info: host: 'DESKTOP-AKV4U58', ip: '192.168.0.5', os.name: 'Windows 10', os.arch: 'amd64', os.version: '10.0', java.version: '1.8.0_251'
Driver info: org.openqa.selenium.chrome.ChromeDriver
Capabilities [{mobileEmulationEnabled=false, hasTouchScreen=false, platform=XP, acceptSslCerts=false, goog:chromeOptions={debuggerAddress=localhost:60560}, acceptInsecureCerts=false, webStorageEnabled=true, browserName=chrome, takesScreenshot=true, javascriptEnabled=true, setWindowRect=true, unexpectedAlertBehaviour=, applicationCacheEnabled=false, rotatable=false, networkConnectionEnabled=false, chrome={chromedriverVersion=2.42.591088 (7b2b2dca23cca0862f674758c9a3933e685c27d5), userDataDir=C:\Users\Shashank\AppData\Local\Temp\scoped_dir22056_5945}, takesHeapSnapshot=true, pageLoadStrategy=normal, unhandledPromptBehavior=, databaseEnabled=false, handlesAlerts=true, version=85.0.4183.83, browserConnectionEnabled=false, nativeEvents=true, locationContextEnabled=true, cssSelectorsEnabled=true}]
Session ID: c98a06e26001f86ce97818c94d2be139
	at sun.reflect.NativeConstructorAccessorImpl.newInstance0(Native Method)
	at sun.reflect.NativeConstructorAccessorImpl.newInstance(NativeConstructorAccessorImpl.java:62)
	at sun.reflect.DelegatingConstructorAccessorImpl.newInstance(DelegatingConstructorAccessorImpl.java:45)
	at java.lang.reflect.Constructor.newInstance(Constructor.java:423)
	at org.openqa.selenium.remote.ErrorHandler.createThrowable(ErrorHandler.java:215)
	at org.openqa.selenium.remote.ErrorHandler.throwIfResponseFailed(ErrorHandler.java:167)
	at org.openqa.selenium.remote.http.JsonHttpResponseCodec.reconstructValue(JsonHttpResponseCodec.java:40)
	at org.openqa.selenium.remote.http.AbstractHttpResponseCodec.decode(AbstractHttpResponseCodec.java:82)
	at org.openqa.selenium.remote.http.AbstractHttpResponseCodec.decode(AbstractHttpResponseCodec.java:45)
	at org.openqa.selenium.remote.HttpCommandExecutor.execute(HttpCommandExecutor.java:164)
	at org.openqa.selenium.remote.service.DriverCommandExecutor.execute(DriverCommandExecutor.java:82)
	at org.openqa.selenium.remote.RemoteWebDriver.execute(RemoteWebDriver.java:641)
	at org.openqa.selenium.remote.RemoteWebDriver.get(RemoteWebDriver.java:368)
	at com.qa.utility.BrowserFactory.launchBrowser(BrowserFactory.java:36)
	at com.qa.pages.BaseClass.setup(BaseClass.java:30)
	at sun.reflect.NativeMethodAccessorImpl.invoke0(Native Method)
	at sun.reflect.NativeMethodAccessorImpl.invoke(NativeMethodAccessorImpl.java:62)
	at sun.reflect.DelegatingMethodAccessorImpl.invoke(DelegatingMethodAccessorImpl.java:43)
	at java.lang.reflect.Method.invoke(Method.java:498)
	at org.testng.internal.MethodInvocationHelper.invokeMethod(MethodInvocationHelper.java:104)
	at org.testng.internal.Invoker.invokeConfigurationMethod(Invoker.java:515)
	at org.testng.internal.Invoker.invokeConfigurations(Invoker.java:217)
	at org.testng.internal.Invoker.invokeConfigurations(Invoker.java:144)
	at org.testng.internal.TestMethodWorker.invokeBeforeClassMethods(TestMethodWorker.java:169)
	at org.testng.internal.TestMethodWorker.run(TestMethodWorker.java:108)
	at org.testng.TestRunner.privateRun(TestRunner.java:756)
	at org.testng.TestRunner.run(TestRunner.java:610)
	at org.testng.SuiteRunner.runTest(SuiteRunner.java:387)
	at org.testng.SuiteRunner.runSequentially(SuiteRunner.java:382)
	at org.testng.SuiteRunner.privateRun(SuiteRunner.java:340)
	at org.testng.SuiteRunner.run(SuiteRunner.java:289)
	at org.testng.SuiteRunnerWorker.runSuite(SuiteRunnerWorker.java:52)
	at org.testng.SuiteRunnerWorker.run(SuiteRunnerWorker.java:86)
	at org.testng.TestNG.runSuitesSequentially(TestNG.java:1293)
	at org.testng.TestNG.runSuitesLocally(TestNG.java:1218)
	at org.testng.TestNG.runSuites(TestNG.java:1133)
	at org.testng.TestNG.run(TestNG.java:1104)
	at org.testng.remote.AbstractRemoteTestNG.run(AbstractRemoteTestNG.java:132)
	at org.testng.remote.RemoteTestNG.initAndRun(RemoteTestNG.java:236)
	at org.testng.remote.RemoteTestNG.main(RemoteTestNG.java:81)
]]>
    </error>
  </testcase> <!-- setup -->
</testsuite> <!-- com.qa.testcases.TestSaveasDraftSelfSingleCreateAccessRequestforApplication$TestSelfSingleCreateAccessRequestforApplication -->
